<?xml version="1.0" encoding="UTF-8"?>
<!-- Generated by org.testng.reporters.JUnitXMLReporter -->
<testsuite hostname="MSNWQSS278" ignored="0" name="Test" tests="1" failures="1" timestamp="08 Apr 2019 21:00:12 GMT" time="0.0" errors="0">
  <testcase name="test1" time="0.0" classname="example.Testing1">
    <failure type="java.lang.NullPointerException">
      <![CDATA[java.lang.NullPointerException
at example.Testing1.test1(Testing1.java:15)
at example.TestApp.main(TestApp.java:27)
... Removed 22 stack frames]]>
    </failure>
  </testcase> <!-- test1 -->
</testsuite> <!-- Test -->
