<?xml version="1.0" encoding="UTF-8"?>
<testng-results skipped="0" failed="0" ignored="0" total="1" passed="1">
  <reporter-output>
    <line>
      <![CDATA[Google is running]]>
    </line>
  </reporter-output>
  <suite name="Suite" duration-ms="1361" started-at="2019-04-05T20:57:52Z" finished-at="2019-04-05T20:57:53Z">
    <groups>
    </groups>
    <test name="Test" duration-ms="1361" started-at="2019-04-05T20:57:52Z" finished-at="2019-04-05T20:57:53Z">
      <class name="example.Testing">
        <test-method status="PASS" signature="beforeSuite()[pri:0, instance:example.Testing@589b3632]" name="beforeSuite" is-config="true" duration-ms="25103" started-at="2019-04-05T20:57:27Z" finished-at="2019-04-05T20:57:52Z">
          <reporter-output>
          </reporter-output>
        </test-method> <!-- beforeSuite -->
        <test-method status="PASS" signature="test()[pri:0, instance:example.Testing@589b3632]" name="test" duration-ms="701" started-at="2019-04-05T20:57:52Z" finished-at="2019-04-05T20:57:53Z">
          <reporter-output>
            <line>
              <![CDATA[Google is running]]>
            </line>
          </reporter-output>
        </test-method> <!-- test -->
        <test-method status="PASS" signature="afterSuite()[pri:0, instance:example.Testing@589b3632]" name="afterSuite" is-config="true" duration-ms="687" started-at="2019-04-05T20:57:53Z" finished-at="2019-04-05T20:57:54Z">
          <reporter-output>
          </reporter-output>
        </test-method> <!-- afterSuite -->
      </class> <!-- example.Testing -->
    </test> <!-- Test -->
  </suite> <!-- Suite -->
</testng-results>
